{"C:\\Users\\tjpen\\projects\\Trivia-Buzzer\\backend\\src\\classes\\game.js": {"path":"C:\\Users\\tjpen\\projects\\Trivia-Buzzer\\backend\\src\\classes\\game.js","statementMap":{"0":{"start":{"line":1,"column":19},"end":{"line":1,"column":49}},"1":{"start":{"line":2,"column":21},"end":{"line":2,"column":53}},"2":{"start":{"line":3,"column":15},"end":{"line":3,"column":34}},"3":{"start":{"line":12,"column":8},"end":{"line":12,"column":21}},"4":{"start":{"line":15,"column":8},"end":{"line":15,"column":27}},"5":{"start":{"line":16,"column":8},"end":{"line":16,"column":41}},"6":{"start":{"line":19,"column":8},"end":{"line":19,"column":26}},"7":{"start":{"line":20,"column":8},"end":{"line":20,"column":38}},"8":{"start":{"line":31,"column":8},"end":{"line":33,"column":9}},"9":{"start":{"line":32,"column":12},"end":{"line":32,"column":25}},"10":{"start":{"line":35,"column":8},"end":{"line":35,"column":34}},"11":{"start":{"line":36,"column":8},"end":{"line":36,"column":20}},"12":{"start":{"line":48,"column":21},"end":{"line":48,"column":76}},"13":{"start":{"line":48,"column":47},"end":{"line":48,"column":74}},"14":{"start":{"line":50,"column":8},"end":{"line":52,"column":9}},"15":{"start":{"line":51,"column":12},"end":{"line":51,"column":25}},"16":{"start":{"line":54,"column":8},"end":{"line":54,"column":76}},"17":{"start":{"line":54,"column":53},"end":{"line":54,"column":74}},"18":{"start":{"line":55,"column":8},"end":{"line":55,"column":20}},"19":{"start":{"line":64,"column":21},"end":{"line":66,"column":10}},"20":{"start":{"line":65,"column":12},"end":{"line":65,"column":40}},"21":{"start":{"line":69,"column":8},"end":{"line":71,"column":9}},"22":{"start":{"line":70,"column":12},"end":{"line":70,"column":19}},"23":{"start":{"line":74,"column":8},"end":{"line":76,"column":9}},"24":{"start":{"line":74,"column":38},"end":{"line":74,"column":70}},"25":{"start":{"line":75,"column":12},"end":{"line":75,"column":19}},"26":{"start":{"line":78,"column":8},"end":{"line":78,"column":37}},"27":{"start":{"line":83,"column":8},"end":{"line":83,"column":28}},"28":{"start":{"line":87,"column":8},"end":{"line":87,"column":27}},"29":{"start":{"line":92,"column":8},"end":{"line":92,"column":40}},"30":{"start":{"line":94,"column":8},"end":{"line":98,"column":9}},"31":{"start":{"line":95,"column":12},"end":{"line":97,"column":13}},"32":{"start":{"line":96,"column":16},"end":{"line":96,"column":54}},"33":{"start":{"line":103,"column":8},"end":{"line":103,"column":40}},"34":{"start":{"line":105,"column":8},"end":{"line":109,"column":9}},"35":{"start":{"line":106,"column":12},"end":{"line":108,"column":13}},"36":{"start":{"line":107,"column":16},"end":{"line":107,"column":54}},"37":{"start":{"line":120,"column":8},"end":{"line":122,"column":9}},"38":{"start":{"line":121,"column":12},"end":{"line":121,"column":19}},"39":{"start":{"line":124,"column":21},"end":{"line":124,"column":76}},"40":{"start":{"line":124,"column":47},"end":{"line":124,"column":74}},"41":{"start":{"line":126,"column":8},"end":{"line":128,"column":9}},"42":{"start":{"line":127,"column":12},"end":{"line":127,"column":25}},"43":{"start":{"line":130,"column":8},"end":{"line":130,"column":22}},"44":{"start":{"line":131,"column":8},"end":{"line":131,"column":35}},"45":{"start":{"line":132,"column":8},"end":{"line":132,"column":44}},"46":{"start":{"line":136,"column":8},"end":{"line":138,"column":9}},"47":{"start":{"line":137,"column":12},"end":{"line":137,"column":19}},"48":{"start":{"line":140,"column":8},"end":{"line":140,"column":58}},"49":{"start":{"line":141,"column":8},"end":{"line":141,"column":39}},"50":{"start":{"line":142,"column":8},"end":{"line":142,"column":47}},"51":{"start":{"line":146,"column":8},"end":{"line":148,"column":9}},"52":{"start":{"line":147,"column":12},"end":{"line":147,"column":19}},"53":{"start":{"line":150,"column":8},"end":{"line":150,"column":60}},"54":{"start":{"line":151,"column":8},"end":{"line":151,"column":49}},"55":{"start":{"line":155,"column":8},"end":{"line":155,"column":38}},"56":{"start":{"line":156,"column":8},"end":{"line":156,"column":40}},"57":{"start":{"line":160,"column":0},"end":{"line":160,"column":22}}},"fnMap":{"0":{"name":"(anonymous_0)","decl":{"start":{"line":11,"column":4},"end":{"line":11,"column":5}},"loc":{"start":{"line":11,"column":20},"end":{"line":21,"column":5}},"line":11},"1":{"name":"(anonymous_1)","decl":{"start":{"line":30,"column":4},"end":{"line":30,"column":5}},"loc":{"start":{"line":30,"column":22},"end":{"line":37,"column":5}},"line":30},"2":{"name":"(anonymous_2)","decl":{"start":{"line":47,"column":4},"end":{"line":47,"column":5}},"loc":{"start":{"line":47,"column":27},"end":{"line":56,"column":5}},"line":47},"3":{"name":"(anonymous_3)","decl":{"start":{"line":48,"column":39},"end":{"line":48,"column":40}},"loc":{"start":{"line":48,"column":46},"end":{"line":48,"column":75}},"line":48},"4":{"name":"(anonymous_4)","decl":{"start":{"line":54,"column":43},"end":{"line":54,"column":44}},"loc":{"start":{"line":54,"column":53},"end":{"line":54,"column":74}},"line":54},"5":{"name":"(anonymous_5)","decl":{"start":{"line":63,"column":4},"end":{"line":63,"column":5}},"loc":{"start":{"line":63,"column":37},"end":{"line":79,"column":5}},"line":63},"6":{"name":"(anonymous_6)","decl":{"start":{"line":64,"column":39},"end":{"line":64,"column":40}},"loc":{"start":{"line":64,"column":46},"end":{"line":66,"column":9}},"line":64},"7":{"name":"(anonymous_7)","decl":{"start":{"line":74,"column":30},"end":{"line":74,"column":31}},"loc":{"start":{"line":74,"column":37},"end":{"line":74,"column":71}},"line":74},"8":{"name":"(anonymous_8)","decl":{"start":{"line":82,"column":4},"end":{"line":82,"column":5}},"loc":{"start":{"line":82,"column":16},"end":{"line":84,"column":5}},"line":82},"9":{"name":"(anonymous_9)","decl":{"start":{"line":86,"column":4},"end":{"line":86,"column":5}},"loc":{"start":{"line":86,"column":15},"end":{"line":88,"column":5}},"line":86},"10":{"name":"(anonymous_10)","decl":{"start":{"line":91,"column":4},"end":{"line":91,"column":5}},"loc":{"start":{"line":91,"column":16},"end":{"line":99,"column":5}},"line":91},"11":{"name":"(anonymous_11)","decl":{"start":{"line":102,"column":4},"end":{"line":102,"column":5}},"loc":{"start":{"line":102,"column":19},"end":{"line":110,"column":5}},"line":102},"12":{"name":"(anonymous_12)","decl":{"start":{"line":119,"column":4},"end":{"line":119,"column":5}},"loc":{"start":{"line":119,"column":20},"end":{"line":133,"column":5}},"line":119},"13":{"name":"(anonymous_13)","decl":{"start":{"line":124,"column":39},"end":{"line":124,"column":40}},"loc":{"start":{"line":124,"column":46},"end":{"line":124,"column":75}},"line":124},"14":{"name":"(anonymous_14)","decl":{"start":{"line":135,"column":4},"end":{"line":135,"column":5}},"loc":{"start":{"line":135,"column":20},"end":{"line":143,"column":5}},"line":135},"15":{"name":"(anonymous_15)","decl":{"start":{"line":145,"column":4},"end":{"line":145,"column":5}},"loc":{"start":{"line":145,"column":22},"end":{"line":152,"column":5}},"line":145},"16":{"name":"(anonymous_16)","decl":{"start":{"line":154,"column":4},"end":{"line":154,"column":5}},"loc":{"start":{"line":154,"column":17},"end":{"line":157,"column":5}},"line":154}},"branchMap":{"0":{"loc":{"start":{"line":31,"column":8},"end":{"line":33,"column":9}},"type":"if","locations":[{"start":{"line":31,"column":8},"end":{"line":33,"column":9}},{"start":{},"end":{}}],"line":31},"1":{"loc":{"start":{"line":50,"column":8},"end":{"line":52,"column":9}},"type":"if","locations":[{"start":{"line":50,"column":8},"end":{"line":52,"column":9}},{"start":{},"end":{}}],"line":50},"2":{"loc":{"start":{"line":69,"column":8},"end":{"line":71,"column":9}},"type":"if","locations":[{"start":{"line":69,"column":8},"end":{"line":71,"column":9}},{"start":{},"end":{}}],"line":69},"3":{"loc":{"start":{"line":74,"column":8},"end":{"line":76,"column":9}},"type":"if","locations":[{"start":{"line":74,"column":8},"end":{"line":76,"column":9}},{"start":{},"end":{}}],"line":74},"4":{"loc":{"start":{"line":95,"column":12},"end":{"line":97,"column":13}},"type":"if","locations":[{"start":{"line":95,"column":12},"end":{"line":97,"column":13}},{"start":{},"end":{}}],"line":95},"5":{"loc":{"start":{"line":106,"column":12},"end":{"line":108,"column":13}},"type":"if","locations":[{"start":{"line":106,"column":12},"end":{"line":108,"column":13}},{"start":{},"end":{}}],"line":106},"6":{"loc":{"start":{"line":120,"column":8},"end":{"line":122,"column":9}},"type":"if","locations":[{"start":{"line":120,"column":8},"end":{"line":122,"column":9}},{"start":{},"end":{}}],"line":120},"7":{"loc":{"start":{"line":126,"column":8},"end":{"line":128,"column":9}},"type":"if","locations":[{"start":{"line":126,"column":8},"end":{"line":128,"column":9}},{"start":{},"end":{}}],"line":126},"8":{"loc":{"start":{"line":126,"column":12},"end":{"line":126,"column":53}},"type":"binary-expr","locations":[{"start":{"line":126,"column":12},"end":{"line":126,"column":32}},{"start":{"line":126,"column":36},"end":{"line":126,"column":53}}],"line":126},"9":{"loc":{"start":{"line":136,"column":8},"end":{"line":138,"column":9}},"type":"if","locations":[{"start":{"line":136,"column":8},"end":{"line":138,"column":9}},{"start":{},"end":{}}],"line":136},"10":{"loc":{"start":{"line":146,"column":8},"end":{"line":148,"column":9}},"type":"if","locations":[{"start":{"line":146,"column":8},"end":{"line":148,"column":9}},{"start":{},"end":{}}],"line":146}},"s":{"0":1,"1":1,"2":1,"3":15,"4":15,"5":15,"6":15,"7":15,"8":65,"9":5,"10":60,"11":60,"12":0,"13":0,"14":0,"15":0,"16":0,"17":0,"18":0,"19":34,"20":83,"21":34,"22":0,"23":34,"24":99,"25":1,"26":33,"27":2,"28":1,"29":33,"30":33,"31":95,"32":27,"33":4,"34":4,"35":12,"36":8,"37":11,"38":1,"39":10,"40":16,"41":10,"42":1,"43":9,"44":9,"45":9,"46":2,"47":0,"48":2,"49":2,"50":2,"51":3,"52":0,"53":3,"54":3,"55":1,"56":1,"57":1},"f":{"0":15,"1":65,"2":0,"3":0,"4":0,"5":34,"6":83,"7":99,"8":2,"9":1,"10":33,"11":4,"12":11,"13":16,"14":2,"15":3,"16":1},"b":{"0":[5,60],"1":[0,0],"2":[0,34],"3":[1,33],"4":[27,68],"5":[8,4],"6":[1,10],"7":[1,9],"8":[10,10],"9":[0,2],"10":[0,3]},"_coverageSchema":"1a1c01bbd47fc00a2c39e90264f33305004495a9","hash":"78c9244dc256a8c4d89a7be74a4753b4ecc43020"}
,"C:\\Users\\tjpen\\projects\\Trivia-Buzzer\\backend\\src\\classes\\player.js": {"path":"C:\\Users\\tjpen\\projects\\Trivia-Buzzer\\backend\\src\\classes\\player.js","statementMap":{"0":{"start":{"line":1,"column":23},"end":{"line":1,"column":38}},"1":{"start":{"line":3,"column":21},"end":{"line":3,"column":53}},"2":{"start":{"line":7,"column":8},"end":{"line":7,"column":27}},"3":{"start":{"line":8,"column":8},"end":{"line":8,"column":43}},"4":{"start":{"line":9,"column":8},"end":{"line":9,"column":34}},"5":{"start":{"line":10,"column":8},"end":{"line":10,"column":24}},"6":{"start":{"line":22,"column":23},"end":{"line":22,"column":34}},"7":{"start":{"line":24,"column":8},"end":{"line":26,"column":9}},"8":{"start":{"line":25,"column":12},"end":{"line":25,"column":19}},"9":{"start":{"line":28,"column":8},"end":{"line":28,"column":33}},"10":{"start":{"line":29,"column":8},"end":{"line":29,"column":43}},"11":{"start":{"line":40,"column":8},"end":{"line":42,"column":9}},"12":{"start":{"line":41,"column":12},"end":{"line":41,"column":19}},"13":{"start":{"line":44,"column":8},"end":{"line":44,"column":30}},"14":{"start":{"line":55,"column":8},"end":{"line":57,"column":9}},"15":{"start":{"line":56,"column":12},"end":{"line":56,"column":19}},"16":{"start":{"line":59,"column":8},"end":{"line":59,"column":42}},"17":{"start":{"line":68,"column":8},"end":{"line":70,"column":9}},"18":{"start":{"line":69,"column":12},"end":{"line":69,"column":19}},"19":{"start":{"line":72,"column":8},"end":{"line":72,"column":40}},"20":{"start":{"line":80,"column":8},"end":{"line":80,"column":51}},"21":{"start":{"line":90,"column":8},"end":{"line":90,"column":34}},"22":{"start":{"line":94,"column":0},"end":{"line":94,"column":23}}},"fnMap":{"0":{"name":"(anonymous_0)","decl":{"start":{"line":6,"column":4},"end":{"line":6,"column":5}},"loc":{"start":{"line":6,"column":18},"end":{"line":11,"column":5}},"line":6},"1":{"name":"(anonymous_1)","decl":{"start":{"line":21,"column":4},"end":{"line":21,"column":5}},"loc":{"start":{"line":21,"column":22},"end":{"line":30,"column":5}},"line":21},"2":{"name":"(anonymous_2)","decl":{"start":{"line":39,"column":4},"end":{"line":39,"column":5}},"loc":{"start":{"line":39,"column":22},"end":{"line":45,"column":5}},"line":39},"3":{"name":"(anonymous_3)","decl":{"start":{"line":54,"column":4},"end":{"line":54,"column":5}},"loc":{"start":{"line":54,"column":19},"end":{"line":60,"column":5}},"line":54},"4":{"name":"(anonymous_4)","decl":{"start":{"line":67,"column":4},"end":{"line":67,"column":5}},"loc":{"start":{"line":67,"column":11},"end":{"line":73,"column":5}},"line":67},"5":{"name":"(anonymous_5)","decl":{"start":{"line":79,"column":4},"end":{"line":79,"column":5}},"loc":{"start":{"line":79,"column":14},"end":{"line":81,"column":5}},"line":79},"6":{"name":"(anonymous_6)","decl":{"start":{"line":89,"column":4},"end":{"line":89,"column":5}},"loc":{"start":{"line":89,"column":27},"end":{"line":91,"column":5}},"line":89}},"branchMap":{"0":{"loc":{"start":{"line":24,"column":8},"end":{"line":26,"column":9}},"type":"if","locations":[{"start":{"line":24,"column":8},"end":{"line":26,"column":9}},{"start":{},"end":{}}],"line":24},"1":{"loc":{"start":{"line":40,"column":8},"end":{"line":42,"column":9}},"type":"if","locations":[{"start":{"line":40,"column":8},"end":{"line":42,"column":9}},{"start":{},"end":{}}],"line":40},"2":{"loc":{"start":{"line":55,"column":8},"end":{"line":57,"column":9}},"type":"if","locations":[{"start":{"line":55,"column":8},"end":{"line":57,"column":9}},{"start":{},"end":{}}],"line":55},"3":{"loc":{"start":{"line":68,"column":8},"end":{"line":70,"column":9}},"type":"if","locations":[{"start":{"line":68,"column":8},"end":{"line":70,"column":9}},{"start":{},"end":{}}],"line":68}},"s":{"0":2,"1":2,"2":95,"3":95,"4":95,"5":95,"6":37,"7":37,"8":1,"9":36,"10":36,"11":7,"12":1,"13":6,"14":6,"15":1,"16":5,"17":15,"18":5,"19":10,"20":31,"21":62,"22":2},"f":{"0":95,"1":37,"2":7,"3":6,"4":15,"5":31,"6":62},"b":{"0":[1,36],"1":[1,6],"2":[1,5],"3":[5,10]},"_coverageSchema":"1a1c01bbd47fc00a2c39e90264f33305004495a9","hash":"9d20a991b5a0452a051d3c4ffd4d438aa00c3833"}
,"C:\\Users\\tjpen\\projects\\Trivia-Buzzer\\backend\\src\\enums\\gameStatus.js": {"path":"C:\\Users\\tjpen\\projects\\Trivia-Buzzer\\backend\\src\\enums\\gameStatus.js","statementMap":{"0":{"start":{"line":5,"column":29},"end":{"line":5,"column":54}},"1":{"start":{"line":6,"column":29},"end":{"line":6,"column":52}},"2":{"start":{"line":7,"column":29},"end":{"line":7,"column":53}},"3":{"start":{"line":8,"column":29},"end":{"line":8,"column":57}},"4":{"start":{"line":9,"column":29},"end":{"line":9,"column":60}},"5":{"start":{"line":10,"column":29},"end":{"line":10,"column":62}},"6":{"start":{"line":13,"column":8},"end":{"line":13,"column":25}},"7":{"start":{"line":17,"column":0},"end":{"line":17,"column":28}}},"fnMap":{"0":{"name":"(anonymous_0)","decl":{"start":{"line":12,"column":4},"end":{"line":12,"column":5}},"loc":{"start":{"line":12,"column":22},"end":{"line":14,"column":5}},"line":12}},"branchMap":{},"s":{"0":1,"1":1,"2":1,"3":1,"4":1,"5":1,"6":6,"7":1},"f":{"0":6},"b":{},"_coverageSchema":"1a1c01bbd47fc00a2c39e90264f33305004495a9","hash":"da7cadb82e6be9a2bbd5bf51c2c413e57d313e25"}
,"C:\\Users\\tjpen\\projects\\Trivia-Buzzer\\backend\\src\\enums\\playerEvent.js": {"path":"C:\\Users\\tjpen\\projects\\Trivia-Buzzer\\backend\\src\\enums\\playerEvent.js","statementMap":{"0":{"start":{"line":2,"column":25},"end":{"line":2,"column":56}},"1":{"start":{"line":3,"column":25},"end":{"line":3,"column":48}},"2":{"start":{"line":5,"column":25},"end":{"line":5,"column":51}},"3":{"start":{"line":12,"column":8},"end":{"line":12,"column":25}},"4":{"start":{"line":22,"column":8},"end":{"line":22,"column":25}},"5":{"start":{"line":32,"column":8},"end":{"line":41,"column":9}},"6":{"start":{"line":34,"column":16},"end":{"line":34,"column":47}},"7":{"start":{"line":37,"column":16},"end":{"line":37,"column":40}},"8":{"start":{"line":40,"column":16},"end":{"line":40,"column":43}},"9":{"start":{"line":45,"column":0},"end":{"line":45,"column":29}}},"fnMap":{"0":{"name":"(anonymous_0)","decl":{"start":{"line":11,"column":4},"end":{"line":11,"column":5}},"loc":{"start":{"line":11,"column":22},"end":{"line":13,"column":5}},"line":11},"1":{"name":"(anonymous_1)","decl":{"start":{"line":21,"column":4},"end":{"line":21,"column":5}},"loc":{"start":{"line":21,"column":15},"end":{"line":23,"column":5}},"line":21},"2":{"name":"(anonymous_2)","decl":{"start":{"line":31,"column":4},"end":{"line":31,"column":5}},"loc":{"start":{"line":31,"column":30},"end":{"line":42,"column":5}},"line":31}},"branchMap":{"0":{"loc":{"start":{"line":32,"column":8},"end":{"line":41,"column":9}},"type":"switch","locations":[{"start":{"line":33,"column":12},"end":{"line":34,"column":47}},{"start":{"line":36,"column":12},"end":{"line":37,"column":40}},{"start":{"line":39,"column":12},"end":{"line":40,"column":43}}],"line":32}},"s":{"0":1,"1":1,"2":1,"3":3,"4":3,"5":3,"6":1,"7":1,"8":1,"9":1},"f":{"0":3,"1":3,"2":3},"b":{"0":[1,1,1]},"_coverageSchema":"1a1c01bbd47fc00a2c39e90264f33305004495a9","hash":"1697fd136881c75c88f7efba83d1d586a2950110"}
,"C:\\Users\\tjpen\\projects\\Trivia-Buzzer\\backend\\src\\enums\\playerStatus.js": {"path":"C:\\Users\\tjpen\\projects\\Trivia-Buzzer\\backend\\src\\enums\\playerStatus.js","statementMap":{"0":{"start":{"line":3,"column":8},"end":{"line":3,"column":39}},"1":{"start":{"line":6,"column":23},"end":{"line":6,"column":50}},"2":{"start":{"line":7,"column":23},"end":{"line":7,"column":48}},"3":{"start":{"line":8,"column":23},"end":{"line":8,"column":49}},"4":{"start":{"line":9,"column":23},"end":{"line":9,"column":47}},"5":{"start":{"line":10,"column":23},"end":{"line":10,"column":52}},"6":{"start":{"line":11,"column":23},"end":{"line":11,"column":50}},"7":{"start":{"line":14,"column":8},"end":{"line":14,"column":25}},"8":{"start":{"line":18,"column":0},"end":{"line":18,"column":30}}},"fnMap":{"0":{"name":"(anonymous_0)","decl":{"start":{"line":2,"column":4},"end":{"line":2,"column":5}},"loc":{"start":{"line":2,"column":31},"end":{"line":4,"column":5}},"line":2},"1":{"name":"(anonymous_1)","decl":{"start":{"line":13,"column":4},"end":{"line":13,"column":5}},"loc":{"start":{"line":13,"column":22},"end":{"line":15,"column":5}},"line":13}},"branchMap":{},"s":{"0":0,"1":2,"2":2,"3":2,"4":2,"5":2,"6":2,"7":12,"8":2},"f":{"0":0,"1":12},"b":{},"_coverageSchema":"1a1c01bbd47fc00a2c39e90264f33305004495a9","hash":"4c3e6c702bd33c598c0a3ca791b552cff16ad620"}
,"C:\\Users\\tjpen\\projects\\Trivia-Buzzer\\backend\\src\\sockets\\hostSocket.js": {"path":"C:\\Users\\tjpen\\projects\\Trivia-Buzzer\\backend\\src\\sockets\\hostSocket.js","statementMap":{"0":{"start":{"line":7,"column":8},"end":{"line":7,"column":25}},"1":{"start":{"line":24,"column":22},"end":{"line":27,"column":9}},"2":{"start":{"line":29,"column":8},"end":{"line":29,"column":50}},"3":{"start":{"line":33,"column":0},"end":{"line":33,"column":28}}},"fnMap":{"0":{"name":"(anonymous_0)","decl":{"start":{"line":6,"column":4},"end":{"line":6,"column":5}},"loc":{"start":{"line":6,"column":20},"end":{"line":8,"column":5}},"line":6},"1":{"name":"(anonymous_1)","decl":{"start":{"line":11,"column":4},"end":{"line":11,"column":5}},"loc":{"start":{"line":11,"column":20},"end":{"line":12,"column":5}},"line":11},"2":{"name":"(anonymous_2)","decl":{"start":{"line":14,"column":4},"end":{"line":14,"column":5}},"loc":{"start":{"line":14,"column":23},"end":{"line":16,"column":5}},"line":14},"3":{"name":"(anonymous_3)","decl":{"start":{"line":23,"column":4},"end":{"line":23,"column":5}},"loc":{"start":{"line":23,"column":24},"end":{"line":30,"column":5}},"line":23}},"branchMap":{},"s":{"0":3,"1":0,"2":0,"3":1},"f":{"0":3,"1":0,"2":0,"3":0},"b":{},"_coverageSchema":"1a1c01bbd47fc00a2c39e90264f33305004495a9","hash":"a5b9876329ed1cef065294865a6ebd0e5fb696f3"}
}
