TN:
SF:src\classes\game.js
FN:11,(anonymous_0)
FN:30,(anonymous_1)
FN:47,(anonymous_2)
FN:48,(anonymous_3)
FN:54,(anonymous_4)
FN:63,(anonymous_5)
FN:64,(anonymous_6)
FN:74,(anonymous_7)
FN:82,(anonymous_8)
FN:86,(anonymous_9)
FN:91,(anonymous_10)
FN:102,(anonymous_11)
FN:119,(anonymous_12)
FN:124,(anonymous_13)
FN:135,(anonymous_14)
FN:145,(anonymous_15)
FN:154,(anonymous_16)
FNF:17
FNH:14
FNDA:15,(anonymous_0)
FNDA:65,(anonymous_1)
FNDA:0,(anonymous_2)
FNDA:0,(anonymous_3)
FNDA:0,(anonymous_4)
FNDA:34,(anonymous_5)
FNDA:83,(anonymous_6)
FNDA:99,(anonymous_7)
FNDA:2,(anonymous_8)
FNDA:1,(anonymous_9)
FNDA:33,(anonymous_10)
FNDA:4,(anonymous_11)
FNDA:11,(anonymous_12)
FNDA:16,(anonymous_13)
FNDA:2,(anonymous_14)
FNDA:3,(anonymous_15)
FNDA:1,(anonymous_16)
DA:1,1
DA:2,1
DA:3,1
DA:12,15
DA:15,15
DA:16,15
DA:19,15
DA:20,15
DA:31,65
DA:32,5
DA:35,60
DA:36,60
DA:48,0
DA:50,0
DA:51,0
DA:54,0
DA:55,0
DA:64,34
DA:65,83
DA:69,34
DA:70,0
DA:74,99
DA:75,1
DA:78,33
DA:83,2
DA:87,1
DA:92,33
DA:94,33
DA:95,95
DA:96,27
DA:103,4
DA:105,4
DA:106,12
DA:107,8
DA:120,11
DA:121,1
DA:124,16
DA:126,10
DA:127,1
DA:130,9
DA:131,9
DA:132,9
DA:136,2
DA:137,0
DA:140,2
DA:141,2
DA:142,2
DA:146,3
DA:147,0
DA:150,3
DA:151,3
DA:155,1
DA:156,1
DA:160,1
LF:54
LH:46
BRDA:31,0,0,5
BRDA:31,0,1,60
BRDA:50,1,0,0
BRDA:50,1,1,0
BRDA:69,2,0,0
BRDA:69,2,1,34
BRDA:74,3,0,1
BRDA:74,3,1,33
BRDA:95,4,0,27
BRDA:95,4,1,68
BRDA:106,5,0,8
BRDA:106,5,1,4
BRDA:120,6,0,1
BRDA:120,6,1,10
BRDA:126,7,0,1
BRDA:126,7,1,9
BRDA:126,8,0,10
BRDA:126,8,1,10
BRDA:136,9,0,0
BRDA:136,9,1,2
BRDA:146,10,0,0
BRDA:146,10,1,3
BRF:22
BRH:17
end_of_record
TN:
SF:src\classes\player.js
FN:6,(anonymous_0)
FN:21,(anonymous_1)
FN:39,(anonymous_2)
FN:54,(anonymous_3)
FN:67,(anonymous_4)
FN:79,(anonymous_5)
FN:89,(anonymous_6)
FNF:7
FNH:7
FNDA:95,(anonymous_0)
FNDA:37,(anonymous_1)
FNDA:7,(anonymous_2)
FNDA:6,(anonymous_3)
FNDA:15,(anonymous_4)
FNDA:31,(anonymous_5)
FNDA:62,(anonymous_6)
DA:1,2
DA:3,2
DA:7,95
DA:8,95
DA:9,95
DA:10,95
DA:22,37
DA:24,37
DA:25,1
DA:28,36
DA:29,36
DA:40,7
DA:41,1
DA:44,6
DA:55,6
DA:56,1
DA:59,5
DA:68,15
DA:69,5
DA:72,10
DA:80,31
DA:90,62
DA:94,2
LF:23
LH:23
BRDA:24,0,0,1
BRDA:24,0,1,36
BRDA:40,1,0,1
BRDA:40,1,1,6
BRDA:55,2,0,1
BRDA:55,2,1,5
BRDA:68,3,0,5
BRDA:68,3,1,10
BRF:8
BRH:8
end_of_record
TN:
SF:src\enums\gameStatus.js
FN:12,(anonymous_0)
FNF:1
FNH:1
FNDA:6,(anonymous_0)
DA:5,1
DA:6,1
DA:7,1
DA:8,1
DA:9,1
DA:10,1
DA:13,6
DA:17,1
LF:8
LH:8
BRF:0
BRH:0
end_of_record
TN:
SF:src\enums\playerEvent.js
FN:11,(anonymous_0)
FN:21,(anonymous_1)
FN:31,(anonymous_2)
FNF:3
FNH:3
FNDA:3,(anonymous_0)
FNDA:3,(anonymous_1)
FNDA:3,(anonymous_2)
DA:2,1
DA:3,1
DA:5,1
DA:12,3
DA:22,3
DA:32,3
DA:34,1
DA:37,1
DA:40,1
DA:45,1
LF:10
LH:10
BRDA:32,0,0,1
BRDA:32,0,1,1
BRDA:32,0,2,1
BRF:3
BRH:3
end_of_record
TN:
SF:src\enums\playerStatus.js
FN:2,(anonymous_0)
FN:13,(anonymous_1)
FNF:2
FNH:1
FNDA:0,(anonymous_0)
FNDA:12,(anonymous_1)
DA:3,0
DA:6,2
DA:7,2
DA:8,2
DA:9,2
DA:10,2
DA:11,2
DA:14,12
DA:18,2
LF:9
LH:8
BRF:0
BRH:0
end_of_record
TN:
SF:src\sockets\hostSocket.js
FN:6,(anonymous_0)
FN:11,(anonymous_1)
FN:14,(anonymous_2)
FN:23,(anonymous_3)
FNF:4
FNH:1
FNDA:3,(anonymous_0)
FNDA:0,(anonymous_1)
FNDA:0,(anonymous_2)
FNDA:0,(anonymous_3)
DA:7,3
DA:24,0
DA:29,0
DA:33,1
LF:4
LH:2
BRF:0
BRH:0
end_of_record
